[30 Apr 2019 14:43:51] Building database metadata model
[30 Apr 2019 14:43:51] Properties: {partialRefresh=false, processColumnsUsingSelect=, includePrimaryKeys=true, eventSocketClient=com.webratio.commons.net.EventSocketClient@d64a659, includeTables=true, username=postgres, outputLogPath=C:\WebRatio\WebRatio Community Platform 7.2.18.x64bit\workspace\Expo\.Temp~\DB.xml.log, readIndexes=null, driverClass=org.postgresql.Driver, includeSynonyms=true, metaDataProviderClass=com.webratio.commons.db.metadata.PostgreSQLMetaDataProvider, outputPath=C:\WebRatio\WebRatio Community Platform 7.2.18.x64bit\workspace\Expo\.Temp~\DB.xml, schemaRegex=null, readProcedures=null, includeViews=true, derby.system.home=C:\WebRatio\WebRatio Community Platform 7.2.18.x64bit\workspace\.metadata\.plugins\com.webratio.commons.db\derby, url=jdbc:postgresql://localhost:5433/expo, tableRegex=null, readSQLDefinitions=true, includeForeignKeys=false, retrieveAllNames=false, tablesToRefresh=, eventSocketPort=54001}
[30 Apr 2019 14:43:51] URL: jdbc:postgresql://localhost:5433/expo
[30 Apr 2019 14:43:51] Product name: PostgreSQL
[30 Apr 2019 14:43:51] Product version: 9.4.21
[30 Apr 2019 14:43:51] Driver name: PostgreSQL Native Driver
[30 Apr 2019 14:43:51] Driver version: PostgreSQL 9.3 JDBC3g (build 1103)
[30 Apr 2019 14:43:51] Driver major version: 9
[30 Apr 2019 14:43:51] Driver minor version: 3
[30 Apr 2019 14:43:51] Identifier quote string: 3
[30 Apr 2019 14:43:52] Retrieving schemas
[30 Apr 2019 14:43:52]   Found schema: information_schema
[30 Apr 2019 14:43:52]   Found schema: pg_catalog
[30 Apr 2019 14:43:52]   Found schema: prosjekt1
[30 Apr 2019 14:43:52]   Found schema: public
[30 Apr 2019 14:43:52] Retrieving sequences
[30 Apr 2019 14:43:52]   Found 'prosjekt1.arrangement_arrangementid_seq' sequence
[30 Apr 2019 14:43:52]   Found 'prosjekt1.arrangementdeltagelse_deltagelseid_seq' sequence
[30 Apr 2019 14:43:52]   Found 'prosjekt1.bedrift_bedriftid_seq' sequence
[30 Apr 2019 14:43:52]   Found 'prosjekt1.kategori_kategoriid_seq' sequence
[30 Apr 2019 14:43:52]   Found 'prosjekt1.prosjekt_prosjektid_seq' sequence
[30 Apr 2019 14:43:52]   Found 'prosjekt1.stemme_stemmeid_seq' sequence
[30 Apr 2019 14:43:52]   Found 'prosjekt1.stemmemetode_metodeid_seq' sequence
[30 Apr 2019 14:43:52]   Found 'prosjekt1.studie_studieid_seq' sequence
[30 Apr 2019 14:43:52]   Found 'prosjekt1.usergroup_groupid_seq' sequence
[30 Apr 2019 14:43:52]   Found 'prosjekt1.users_userid_seq' sequence
[30 Apr 2019 14:43:52]   Found 'public.project_projectid_seq' sequence
[30 Apr 2019 14:43:52] Retrieving [TABLE, VIEW, SYNONYM] for schema 'information_schema'
[30 Apr 2019 14:43:52] Retrieving [TABLE, VIEW, SYNONYM] for schema 'pg_catalog'
[30 Apr 2019 14:43:52] Retrieving [TABLE, VIEW, SYNONYM] for schema 'prosjekt1'
[30 Apr 2019 14:43:52]   Found 'prosjekt1.arrangement' [type = TABLE]
[30 Apr 2019 14:43:52]   Found 'prosjekt1.arrangementdeltagelse' [type = TABLE]
[30 Apr 2019 14:43:52]   Found 'prosjekt1.bedrift' [type = TABLE]
[30 Apr 2019 14:43:52]   Found 'prosjekt1.kategori' [type = TABLE]
[30 Apr 2019 14:43:52]   Found 'prosjekt1.prosjekt' [type = TABLE]
[30 Apr 2019 14:43:52]   Found 'prosjekt1.stemme' [type = TABLE]
[30 Apr 2019 14:43:52]   Found 'prosjekt1.stemmemetode' [type = TABLE]
[30 Apr 2019 14:43:52]   Found 'prosjekt1.studie' [type = TABLE]
[30 Apr 2019 14:43:52]   Found 'prosjekt1.usergroup' [type = TABLE]
[30 Apr 2019 14:43:52]   Found 'prosjekt1.users' [type = TABLE]
[30 Apr 2019 14:43:52] Retrieving [TABLE, VIEW, SYNONYM] for schema 'public'
[30 Apr 2019 14:43:52]   Found 'public.project' [type = TABLE]
[30 Apr 2019 14:43:52] Retrieving columns for 'prosjekt1.arrangement' [type = TABLE]
[30 Apr 2019 14:43:52]   Found column: arrangementid [type = serial][SQL/XOPEN type = 4][size = 10][dec. digits = 0]
[30 Apr 2019 14:43:52]   Found column: arrangementnavn [type = varchar][SQL/XOPEN type = 12][size = 255][dec. digits = 0]
[30 Apr 2019 14:43:52]   Found column: arrangementbeskrivelse [type = varchar][SQL/XOPEN type = 12][size = 255][dec. digits = 0]
[30 Apr 2019 14:43:52]   Found column: arrangementstemmemetode [type = int4][SQL/XOPEN type = 4][size = 10][dec. digits = 0]
[30 Apr 2019 14:43:52]   Found column: arragementetutgaar [type = timestamp][SQL/XOPEN type = 93][size = 29][dec. digits = 6]
[30 Apr 2019 14:43:52] Retrieving primary keys for 'prosjekt1.arrangement' [type = TABLE]
[30 Apr 2019 14:43:52]   Found primary key column: arrangementid
[30 Apr 2019 14:43:52] Retrieving columns for 'prosjekt1.arrangementdeltagelse' [type = TABLE]
[30 Apr 2019 14:43:52]   Found column: deltagelseid [type = serial][SQL/XOPEN type = 4][size = 10][dec. digits = 0]
[30 Apr 2019 14:43:52]   Found column: arrangement [type = int4][SQL/XOPEN type = 4][size = 10][dec. digits = 0]
[30 Apr 2019 14:43:52]   Found column: prosjekt [type = int4][SQL/XOPEN type = 4][size = 10][dec. digits = 0]
[30 Apr 2019 14:43:52] Retrieving primary keys for 'prosjekt1.arrangementdeltagelse' [type = TABLE]
[30 Apr 2019 14:43:52]   Found primary key column: deltagelseid
[30 Apr 2019 14:43:52] Retrieving columns for 'prosjekt1.bedrift' [type = TABLE]
[30 Apr 2019 14:43:52]   Found column: bedriftid [type = serial][SQL/XOPEN type = 4][size = 10][dec. digits = 0]
[30 Apr 2019 14:43:52]   Found column: bedriftnavn [type = varchar][SQL/XOPEN type = 12][size = 100][dec. digits = 0]
[30 Apr 2019 14:43:52]   Found column: bedriftbeskrivelse [type = varchar][SQL/XOPEN type = 12][size = 1000][dec. digits = 0]
[30 Apr 2019 14:43:52] Retrieving primary keys for 'prosjekt1.bedrift' [type = TABLE]
[30 Apr 2019 14:43:52]   Found primary key column: bedriftid
[30 Apr 2019 14:43:52] Retrieving columns for 'prosjekt1.kategori' [type = TABLE]
[30 Apr 2019 14:43:52]   Found column: kategoriid [type = serial][SQL/XOPEN type = 4][size = 10][dec. digits = 0]
[30 Apr 2019 14:43:52]   Found column: kategorinavn [type = varchar][SQL/XOPEN type = 12][size = 255][dec. digits = 0]
[30 Apr 2019 14:43:52] Retrieving primary keys for 'prosjekt1.kategori' [type = TABLE]
[30 Apr 2019 14:43:52]   Found primary key column: kategoriid
[30 Apr 2019 14:43:52] Retrieving columns for 'prosjekt1.prosjekt' [type = TABLE]
[30 Apr 2019 14:43:52]   Found column: prosjektid [type = serial][SQL/XOPEN type = 4][size = 10][dec. digits = 0]
[30 Apr 2019 14:43:52]   Found column: prosjektnavn [type = varchar][SQL/XOPEN type = 12][size = 100][dec. digits = 0]
[30 Apr 2019 14:43:52]   Found column: prosjektbeskrivelse [type = varchar][SQL/XOPEN type = 12][size = 1000][dec. digits = 0]
[30 Apr 2019 14:43:52]   Found column: studie [type = int4][SQL/XOPEN type = 4][size = 10][dec. digits = 0]
[30 Apr 2019 14:43:52]   Found column: sammarbeidsbedrift [type = int4][SQL/XOPEN type = 4][size = 10][dec. digits = 0]
[30 Apr 2019 14:43:52]   Found column: shortenedurl [type = varchar][SQL/XOPEN type = 12][size = 255][dec. digits = 0]
[30 Apr 2019 14:43:52]   Found column: qrimagepath [type = varchar][SQL/XOPEN type = 12][size = 255][dec. digits = 0]
[30 Apr 2019 14:43:52]   Found column: pictureurl [type = varchar][SQL/XOPEN type = 12][size = 255][dec. digits = 0]
[30 Apr 2019 14:43:52]   Found column: backgroundurl [type = varchar][SQL/XOPEN type = 12][size = 255][dec. digits = 0]
[30 Apr 2019 14:43:52]   Found column: prosjektuser [type = int4][SQL/XOPEN type = 4][size = 10][dec. digits = 0]
[30 Apr 2019 14:43:52] Retrieving primary keys for 'prosjekt1.prosjekt' [type = TABLE]
[30 Apr 2019 14:43:52]   Found primary key column: prosjektid
[30 Apr 2019 14:43:52] Retrieving columns for 'prosjekt1.stemme' [type = TABLE]
[30 Apr 2019 14:43:52]   Found column: stemmeid [type = serial][SQL/XOPEN type = 4][size = 10][dec. digits = 0]
[30 Apr 2019 14:43:52]   Found column: arrangementdeltagelseid [type = int4][SQL/XOPEN type = 4][size = 10][dec. digits = 0]
[30 Apr 2019 14:43:52]   Found column: epost [type = varchar][SQL/XOPEN type = 12][size = 255][dec. digits = 0]
[30 Apr 2019 14:43:52]   Found column: stemmeverdi [type = int4][SQL/XOPEN type = 4][size = 10][dec. digits = 0]
[30 Apr 2019 14:43:52]   Found column: stemmetidspunkt [type = timestamp][SQL/XOPEN type = 93][size = 29][dec. digits = 6]
[30 Apr 2019 14:43:52] Retrieving primary keys for 'prosjekt1.stemme' [type = TABLE]
[30 Apr 2019 14:43:52]   Found primary key column: stemmeid
[30 Apr 2019 14:43:52] Retrieving columns for 'prosjekt1.stemmemetode' [type = TABLE]
[30 Apr 2019 14:43:52]   Found column: metodeid [type = serial][SQL/XOPEN type = 4][size = 10][dec. digits = 0]
[30 Apr 2019 14:43:52]   Found column: metodenavn [type = varchar][SQL/XOPEN type = 12][size = 25][dec. digits = 0]
[30 Apr 2019 14:43:52]   Found column: metodeparameter [type = int4][SQL/XOPEN type = 4][size = 10][dec. digits = 0]
[30 Apr 2019 14:43:52] Retrieving primary keys for 'prosjekt1.stemmemetode' [type = TABLE]
[30 Apr 2019 14:43:52]   Found primary key column: metodeid
[30 Apr 2019 14:43:52] Retrieving columns for 'prosjekt1.studie' [type = TABLE]
[30 Apr 2019 14:43:52]   Found column: studieid [type = serial][SQL/XOPEN type = 4][size = 10][dec. digits = 0]
[30 Apr 2019 14:43:52]   Found column: studienavn [type = varchar][SQL/XOPEN type = 12][size = 255][dec. digits = 0]
[30 Apr 2019 14:43:52]   Found column: studiebeskrivelse [type = varchar][SQL/XOPEN type = 12][size = 255][dec. digits = 0]
[30 Apr 2019 14:43:52]   Found column: studiekategori [type = int4][SQL/XOPEN type = 4][size = 10][dec. digits = 0]
[30 Apr 2019 14:43:52] Retrieving primary keys for 'prosjekt1.studie' [type = TABLE]
[30 Apr 2019 14:43:52]   Found primary key column: studieid
[30 Apr 2019 14:43:52] Retrieving columns for 'prosjekt1.usergroup' [type = TABLE]
[30 Apr 2019 14:43:52]   Found column: groupid [type = serial][SQL/XOPEN type = 4][size = 10][dec. digits = 0]
[30 Apr 2019 14:43:52]   Found column: groupname [type = varchar][SQL/XOPEN type = 12][size = 255][dec. digits = 0]
[30 Apr 2019 14:43:52]   Found column: grouplevel [type = int4][SQL/XOPEN type = 4][size = 10][dec. digits = 0]
[30 Apr 2019 14:43:52] Retrieving primary keys for 'prosjekt1.usergroup' [type = TABLE]
[30 Apr 2019 14:43:52]   Found primary key column: groupid
[30 Apr 2019 14:43:52] Retrieving columns for 'prosjekt1.users' [type = TABLE]
[30 Apr 2019 14:43:52]   Found column: userid [type = serial][SQL/XOPEN type = 4][size = 10][dec. digits = 0]
[30 Apr 2019 14:43:52]   Found column: username [type = varchar][SQL/XOPEN type = 12][size = 255][dec. digits = 0]
[30 Apr 2019 14:43:52]   Found column: password [type = varchar][SQL/XOPEN type = 12][size = 255][dec. digits = 0]
[30 Apr 2019 14:43:52]   Found column: usergroup [type = int4][SQL/XOPEN type = 4][size = 10][dec. digits = 0]
[30 Apr 2019 14:43:52]   Found column: expired [type = bool][SQL/XOPEN type = -7][size = 1][dec. digits = 0]
[30 Apr 2019 14:43:52]   Found column: ipadress [type = varchar][SQL/XOPEN type = 12][size = 50][dec. digits = 0]
[30 Apr 2019 14:43:52] Retrieving primary keys for 'prosjekt1.users' [type = TABLE]
[30 Apr 2019 14:43:52]   Found primary key column: userid
[30 Apr 2019 14:43:52] Retrieving columns for 'public.project' [type = TABLE]
[30 Apr 2019 14:43:52]   Found column: projectid [type = serial][SQL/XOPEN type = 4][size = 10][dec. digits = 0]
[30 Apr 2019 14:43:52]   Found column: name [type = bpchar][SQL/XOPEN type = 1][size = 50][dec. digits = 0]
[30 Apr 2019 14:43:52] Retrieving primary keys for 'public.project' [type = TABLE]
[30 Apr 2019 14:43:52]   Found primary key column: projectid
[30 Apr 2019 14:43:52] Database metadata retrieved (216 ms)
[30 Apr 2019 14:43:52] Database connection closed
